[2019-06-20 15:40:08]	load frozen core:
			path = bin/FoodMask60/FoodMask60.core
[2019-06-20 15:40:09]	DatabaseKernel.__init__:
			msg = online for quests.
[2019-06-20 15:40:51]	load frozen core:
			path = bin/FoodMask60/FoodMask60.core
[2019-06-20 15:40:51]	DatabaseKernel.__init__:
			msg = online for quests.
[2019-06-20 15:40:51]	selected sample IMG_3398:
[2019-06-20 15:40:51]	selected sample IMG_2874:
[2019-06-20 15:40:51]	selected sample IMG_2926:
[2019-06-20 15:40:51]	selected sample IMG_2842:
[2019-06-20 15:40:51]	selected sample currybeef10:
[2019-06-20 15:40:51]	selected sample IMG_3400:
[2019-06-20 15:40:51]	selected sample IMG_3068:
[2019-06-20 15:40:51]	selected sample IMG_3552:
[2019-06-20 15:40:51]	selected sample IMG_3295:
[2019-06-20 15:40:51]	selected sample IMG_2446:
[2019-06-20 15:40:51]	selected sample IMG_2465:
[2019-06-20 15:40:51]	selected sample IMG_3181:
[2019-06-20 15:40:51]	selected sample IMG_2578:
[2019-06-20 15:40:51]	selected sample mdcrs3:
[2019-06-20 15:40:51]	selected sample IMG_2767:
[2019-06-20 15:40:51]	selected sample IMG_3570:
[2019-06-20 15:40:51]	selected sample IMG_3122:
[2019-06-20 15:40:51]	selected sample IMG_3258:
[2019-06-20 15:40:51]	selected sample IMG_2719:
[2019-06-20 15:40:51]	selected sample qctds3:
[2019-06-20 15:40:51]	selected sample IMG_3439:
[2019-06-20 15:40:51]	selected sample gbrice5:
[2019-06-20 15:40:51]	selected sample noodle4:
[2019-06-20 15:40:51]	selected sample IMG_3074:
[2019-06-20 15:40:51]	selected sample baozi6:
[2019-06-20 15:40:51]	selected sample cdj9:
[2019-06-20 15:40:51]	selected sample IMG_2817:
[2019-06-20 15:40:51]	selected sample chiken1:
[2019-06-20 15:40:51]	selected sample IMG_2398:
[2019-06-20 15:40:51]	selected sample IMG_3219:
[2019-06-20 15:40:51]	selected sample currybeef8:
[2019-06-20 15:40:51]	selected sample hstddpg4:
[2019-06-20 15:40:51]	selected sample IMG_2445:
[2019-06-20 15:40:51]	selected sample hsdy5:
[2019-06-20 15:40:51]	selected sample IMG_2689:
[2019-06-20 15:40:51]	selected sample IMG_3261:
[2019-06-20 15:40:51]	selected sample IMG_2532:
[2019-06-20 15:40:51]	selected sample hspg2:
[2019-06-20 15:40:51]	selected sample IMG_2984:
[2019-06-20 15:40:51]	selected sample IMG_2979:
[2019-06-20 15:40:51]	selected sample IMG_2886:
[2019-06-20 15:40:51]	selected sample IMG_2811:
[2019-06-20 15:40:51]	selected sample bzhx6:
[2019-06-20 15:40:51]	selected sample dtj10:
[2019-06-20 15:40:51]	selected sample bzhx9:
[2019-06-20 15:40:51]	selected sample IMG_2801:
[2019-06-20 15:40:51]	selected sample cyszx7:
[2019-06-20 15:40:51]	selected sample IMG_2639:
[2019-06-20 15:40:51]	selected sample IMG_3447:
[2019-06-20 15:40:51]	selected sample IMG_2920:
[2019-06-20 15:40:51]	selected sample IMG_3346:
[2019-06-20 15:40:51]	selected sample IMG_2879:
[2019-06-20 15:40:51]	selected sample IMG_3021:
[2019-06-20 15:40:51]	selected sample IMG_3348:
[2019-06-20 15:40:51]	selected sample bzhx8:
[2019-06-20 15:40:51]	selected sample IMG_3253:
[2019-06-20 15:40:51]	selected sample IMG_3073:
[2019-06-20 15:40:51]	selected sample IMG_3262:
[2019-06-20 15:40:51]	selected sample IMG_2677:
[2019-06-20 15:40:51]	selected sample IMG_2640:
[2019-06-20 15:40:51]	selected sample hsdy4:
[2019-06-20 15:40:51]	selected sample hsyk1:
[2019-06-20 15:40:51]	selected sample cyszx6:
[2019-06-20 15:40:51]	selected sample qchx6:
[2019-06-20 15:40:51]	selected sample IMG_2695:
[2019-06-20 15:40:51]	selected sample currybeef2:
[2019-06-20 15:40:51]	selected sample noodle1:
[2019-06-20 15:40:51]	selected sample cdj10:
[2019-06-20 15:40:51]	selected sample hsyk10:
[2019-06-20 15:40:51]	selected sample IMG_2464:
[2019-06-20 15:40:51]	selected sample bread10:
[2019-06-20 15:40:51]	selected sample IMG_3448:
[2019-06-20 15:40:51]	selected sample IMG_2912:
[2019-06-20 15:40:51]	selected sample qchx10:
[2019-06-20 15:40:51]	selected sample IMG_2927:
[2019-06-20 15:40:51]	selected sample cdj7:
[2019-06-20 15:40:51]	selected sample beef6:
[2019-06-20 15:40:51]	selected sample IMG_2973:
[2019-06-20 15:40:51]	selected sample IMG_2638:
[2019-06-20 15:40:51]	selected sample IMG_2978:
[2019-06-20 15:40:51]	selected sample IMG_2819:
[2019-06-20 15:40:51]	selected sample gbrice4:
[2019-06-20 15:40:51]	selected sample IMG_2410:
[2019-06-20 15:40:51]	selected sample khs10:
[2019-06-20 15:40:51]	selected sample IMG_3224:
[2019-06-20 15:40:51]	selected sample IMG_3325:
[2019-06-20 15:40:51]	selected sample baozi2:
[2019-06-20 15:40:51]	selected sample IMG_3471:
[2019-06-20 15:40:51]	selected sample hsdp2:
[2019-06-20 15:40:51]	selected sample IMG_2417:
[2019-06-20 15:40:51]	selected sample IMG_3515:
[2019-06-20 15:40:51]	selected sample IMG_3441:
[2019-06-20 15:40:51]	selected sample IMG_3413:
[2019-06-20 15:40:51]	selected sample IMG_3277:
[2019-06-20 15:40:51]	selected sample IMG_3353:
[2019-06-20 15:40:51]	selected sample IMG_3223:
[2019-06-20 15:40:51]	selected sample mdcsg6:
[2019-06-20 15:40:51]	selected sample IMG_2885:
[2019-06-20 15:40:51]	selected sample IMG_3069:
[2019-06-20 15:40:51]	selected sample IMG_2728:
[2019-06-20 15:40:51]	selected sample hsdp1:
[2019-06-20 15:40:51]	selected sample mdcrs2:
[2019-06-20 15:40:51]	selected sample noodle3:
[2019-06-20 15:40:51]	selected sample bdcrs3:
[2019-06-20 15:40:51]	selected sample bdcrs8:
[2019-06-20 15:40:51]	selected sample hsdy1:
[2019-06-20 15:40:51]	selected sample IMG_2409:
[2019-06-20 15:40:51]	selected sample hstddpg6:
[2019-06-20 15:40:51]	selected sample IMG_3126:
[2019-06-20 15:40:51]	selected sample IMG_2809:
[2019-06-20 15:40:51]	selected sample hspg6:
[2019-06-20 15:40:51]	selected sample cdj2:
[2019-06-20 15:40:51]	selected sample IMG_3434:
[2019-06-20 15:40:51]	selected sample IMG_2441:
[2019-06-20 15:40:51]	selected sample tcpg2:
[2019-06-20 15:40:51]	selected sample IMG_3129:
[2019-06-20 15:40:51]	selected sample IMG_2854:
[2019-06-20 15:40:51]	selected sample IMG_3359:
[2019-06-20 15:40:51]	selected sample IMG_3568:
[2019-06-20 15:40:51]	selected sample IMG_3182:
[2019-06-20 15:40:51]	selected sample IMG_3342:
[2019-06-20 15:40:51]	selected sample IMG_2497:
[2019-06-20 15:40:51]	selected sample hspg7:
[2019-06-20 15:40:51]	selected sample IMG_2845:
[2019-06-20 15:40:51]	selected sample baozi7:
[2019-06-20 15:40:51]	selected sample beefpotato5:
[2019-06-20 15:40:51]	selected sample bdcrs1:
[2019-06-20 15:40:51]	selected sample IMG_3071:
[2019-06-20 15:40:51]	selected sample IMG_3466:
[2019-06-20 15:40:51]	selected sample beefpotato7:
[2019-06-20 15:40:51]	selected sample IMG_2535:
[2019-06-20 15:40:51]	selected sample khs2:
[2019-06-20 15:40:51]	selected sample IMG_2808:
[2019-06-20 15:40:51]	selected sample noodle7:
[2019-06-20 15:40:51]	selected sample IMG_3257:
[2019-06-20 15:40:51]	selected sample IMG_3076:
[2019-06-20 15:40:51]	selected sample dtj6:
[2019-06-20 15:40:51]	selected sample hspg4:
[2019-06-20 15:40:51]	selected sample beefpotato3:
[2019-06-20 15:40:51]	selected sample IMG_2972:
[2019-06-20 15:40:51]	selected sample IMG_2413:
[2019-06-20 15:40:51]	selected sample dtj3:
[2019-06-20 15:40:51]	selected sample beefpotato1:
[2019-06-20 15:40:51]	selected sample IMG_3292:
[2019-06-20 15:40:51]	selected sample IMG_3496:
[2019-06-20 15:40:51]	selected sample qctds14:
[2019-06-20 15:40:51]	selected sample IMG_2479:
[2019-06-20 15:40:51]	selected sample IMG_2919:
[2019-06-20 15:40:51]	selected sample IMG_3291:
[2019-06-20 15:40:51]	selected sample IMG_3516:
[2019-06-20 15:40:51]	selected sample cyszx10:
[2019-06-20 15:40:51]	selected sample hsdp7:
[2019-06-20 15:40:51]	selected sample IMG_2818:
[2019-06-20 15:40:51]	selected sample IMG_2846:
[2019-06-20 15:40:51]	selected sample IMG_2468:
[2019-06-20 15:40:51]	selected sample IMG_2530:
[2019-06-20 15:40:51]	selected sample bread5:
[2019-06-20 15:40:51]	selected sample IMG_2411:
[2019-06-20 15:40:51]	selected sample IMG_2843:
[2019-06-20 15:40:51]	selected sample IMG_3276:
[2019-06-20 15:40:51]	selected sample dtj7:
[2019-06-20 15:40:51]	selected sample sm8:
[2019-06-20 15:40:51]	selected sample IMG_2635:
[2019-06-20 15:40:51]	selected sample IMG_3264:
[2019-06-20 15:40:51]	selected sample hsyk9:
[2019-06-20 15:40:51]	selected sample chiken8:
[2019-06-20 15:40:51]	selected sample IMG_3218:
[2019-06-20 15:40:51]	selected sample gbrice2:
[2019-06-20 15:40:51]	selected sample currybeef4:
[2019-06-20 15:40:51]	selected sample IMG_2726:
[2019-06-20 15:40:51]	selected sample sm5:
[2019-06-20 15:40:51]	selected sample IMG_2501:
[2019-06-20 15:40:51]	selected sample currybeef7:
[2019-06-20 15:40:51]	selected sample IMG_2541:
[2019-06-20 15:40:51]	selected sample IMG_2725:
[2019-06-20 15:40:51]	selected sample chiken2:
[2019-06-20 15:40:51]	selected sample sm2:
[2019-06-20 15:40:51]	selected sample IMG_2435:
[2019-06-20 15:40:51]	selected sample IMG_3365:
[2019-06-20 15:40:51]	selected sample IMG_3494:
[2019-06-20 15:40:51]	selected sample hsdy10:
[2019-06-20 15:40:51]	selected sample IMG_2412:
[2019-06-20 15:40:51]	selected sample IMG_2928:
[2019-06-20 15:40:51]	selected sample IMG_2633:
[2019-06-20 15:40:51]	selected sample bdcrs2:
[2019-06-20 15:40:51]	selected sample IMG_3247:
[2019-06-20 15:40:51]	selected sample bdcrs5:
[2019-06-20 15:40:51]	selected sample IMG_2684:
[2019-06-20 15:40:51]	selected sample IMG_2526:
[2019-06-20 15:40:51]	selected sample IMG_3183:
[2019-06-20 15:40:51]	selected sample IMG_2855:
[2019-06-20 15:40:51]	selected sample hsyk3:
[2019-06-20 15:40:51]	selected sample IMG_3027:
[2019-06-20 15:40:51]	selected sample IMG_3436:
[2019-06-20 15:40:51]	selected sample IMG_2778:
[2019-06-20 15:40:51]	selected sample beef7:
[2019-06-20 15:40:51]	selected sample IMG_2769:
[2019-06-20 15:40:51]	selected sample IMG_2632:
[2019-06-20 15:40:51]	selected sample IMG_3554:
[2019-06-20 15:40:51]	selected sample IMG_3023:
[2019-06-20 15:40:51]	selected sample hsjt3:
[2019-06-20 15:40:51]	selected sample IMG_2729:
[2019-06-20 15:40:51]	selected sample IMG_2646:
[2019-06-20 15:40:51]	selected sample IMG_2528:
[2019-06-20 15:40:51]	selected sample bzhx5:
[2019-06-20 15:40:51]	selected sample IMG_3263:
[2019-06-20 15:40:51]	selected sample IMG_3278:
[2019-06-20 15:40:51]	selected sample IMG_3521:
[2019-06-20 15:40:51]	selected sample IMG_2683:
[2019-06-20 15:40:51]	selected sample IMG_2915:
[2019-06-20 15:40:51]	selected sample IMG_3259:
[2019-06-20 15:40:51]	selected sample IMG_2423:
[2019-06-20 15:40:51]	selected sample IMG_2802:
[2019-06-20 15:40:51]	selected sample IMG_2495:
[2019-06-20 15:40:51]	selected sample IMG_3173:
[2019-06-20 15:40:51]	selected sample IMG_3565:
[2019-06-20 15:40:51]	selected sample dumpling8:
[2019-06-20 15:40:51]	selected sample IMG_2970:
[2019-06-20 15:40:51]	selected sample IMG_3115:
[2019-06-20 15:40:51]	selected sample noodle8:
[2019-06-20 15:40:51]	selected sample dtj8:
[2019-06-20 15:40:51]	selected sample IMG_3491:
[2019-06-20 15:40:51]	selected sample bdcrs4:
[2019-06-20 15:40:51]	selected sample IMG_3058:
[2019-06-20 15:40:51]	selected sample chiken10:
[2019-06-20 15:40:51]	selected sample IMG_3463:
[2019-06-20 15:40:51]	selected sample IMG_3012:
[2019-06-20 15:40:51]	selected sample IMG_3028:
[2019-06-20 15:40:51]	selected sample cdj4:
[2019-06-20 15:40:51]	selected sample currybeef3:
[2019-06-20 15:40:51]	selected sample IMG_3475:
[2019-06-20 15:40:51]	selected sample IMG_2685:
[2019-06-20 15:40:51]	selected sample hsjt10:
[2019-06-20 15:40:51]	selected sample hsyk7:
[2019-06-20 15:40:51]	selected sample crht8:
[2019-06-20 15:40:51]	selected sample IMG_3360:
[2019-06-20 15:40:51]	selected sample IMG_2974:
[2019-06-20 15:40:51]	selected sample IMG_3522:
[2019-06-20 15:40:51]	selected sample qchx2:
[2019-06-20 15:40:51]	selected sample IMG_2772:
[2019-06-20 15:40:51]	selected sample bzhx7:
[2019-06-20 15:40:51]	selected sample hsyk5:
[2019-06-20 15:40:51]	selected sample qctds10:
[2019-06-20 15:40:51]	selected sample IMG_3477:
[2019-06-20 15:40:51]	selected sample IMG_2736:
[2019-06-20 15:40:51]	selected sample IMG_2980:
[2019-06-20 15:40:51]	selected sample qchx4:
[2019-06-20 15:40:51]	selected sample hstddpg3:
[2019-06-20 15:40:51]	selected sample noodle2:
[2019-06-20 15:40:51]	selected sample IMG_2680:
[2019-06-20 15:40:51]	selected sample mdcsg9:
[2019-06-20 15:40:51]	selected sample bdcrs6:
[2019-06-20 15:40:51]	selected sample IMG_2914:
[2019-06-20 15:40:51]	selected sample IMG_3188:
[2019-06-20 15:40:51]	selected sample cdj8:
[2019-06-20 15:40:51]	selected sample IMG_3075:
[2019-06-20 15:40:51]	selected sample dumpling6:
[2019-06-20 15:40:51]	selected sample IMG_3190:
[2019-06-20 15:40:51]	selected sample mdcrs6:
[2019-06-20 15:40:51]	selected sample IMG_3557:
[2019-06-20 15:40:51]	selected sample dumpling13:
[2019-06-20 15:40:51]	selected sample IMG_2783:
[2019-06-20 15:40:51]	selected sample sm4:
[2019-06-20 15:40:51]	selected sample IMG_2975:
[2019-06-20 15:40:51]	selected sample baozi5:
[2019-06-20 15:40:51]	selected sample hstddpg7:
[2019-06-20 15:40:51]	selected sample chiken6:
[2019-06-20 15:40:51]	selected sample IMG_2985:
[2019-06-20 15:40:51]	selected sample IMG_2765:
[2019-06-20 15:40:51]	selected sample IMG_3335:
[2019-06-20 15:40:51]	selected sample bread4:
[2019-06-20 15:40:51]	selected sample IMG_2872:
[2019-06-20 15:40:51]	selected sample IMG_3489:
[2019-06-20 15:40:51]	selected sample IMG_2910:
[2019-06-20 15:40:51]	selected sample IMG_2544:
[2019-06-20 15:40:51]	selected sample IMG_2892:
[2019-06-20 15:40:51]	selected sample dtj9:
[2019-06-20 15:40:51]	selected sample IMG_2883:
[2019-06-20 15:40:51]	selected sample IMG_3336:
[2019-06-20 15:40:51]	selected sample baozi17:
[2019-06-20 15:40:51]	selected sample beef1:
[2019-06-20 15:40:51]	selected sample mdcsg1:
[2019-06-20 15:40:51]	selected sample tcpg10:
[2019-06-20 15:40:51]	selected sample IMG_3117:
[2019-06-20 15:40:51]	selected sample IMG_2803:
[2019-06-20 15:40:51]	selected sample IMG_2529:
[2019-06-20 15:40:51]	selected sample qchx8:
[2019-06-20 15:40:51]	selected sample IMG_3113:
[2019-06-20 15:40:51]	selected sample IMG_2840:
[2019-06-20 15:40:51]	selected sample IMG_2847:
[2019-06-20 15:40:51]	selected sample hstddpg5:
[2019-06-20 15:40:51]	selected sample IMG_3279:
[2019-06-20 15:40:51]	selected sample IMG_3338:
[2019-06-20 15:40:51]	selected sample IMG_3327:
[2019-06-20 15:40:51]	selected sample IMG_3435:
[2019-06-20 15:40:51]	selected sample chiken3:
[2019-06-20 15:40:51]	selected sample IMG_3065:
[2019-06-20 15:40:51]	selected sample IMG_2643:
[2019-06-20 15:40:51]	selected sample IMG_3411:
[2019-06-20 15:40:51]	selected sample IMG_2531:
[2019-06-20 15:40:51]	selected sample IMG_3343:
[2019-06-20 15:40:51]	selected sample IMG_3250:
[2019-06-20 15:40:51]	selected sample IMG_3220:
[2019-06-20 15:40:51]	selected sample IMG_3437:
[2019-06-20 15:40:51]	selected sample IMG_2443:
[2019-06-20 15:40:51]	selected sample IMG_3174:
[2019-06-20 15:40:51]	selected sample IMG_3131:
[2019-06-20 15:40:51]	selected sample noodle10:
[2019-06-20 15:40:51]	selected sample dumpling17:
[2019-06-20 15:40:51]	selected sample IMG_3487:
[2019-06-20 15:40:51]	selected sample bzhx1:
[2019-06-20 15:40:51]	selected sample IMG_2675:
[2019-06-20 15:40:51]	selected sample IMG_3355:
[2019-06-20 15:40:51]	selected sample IMG_3289:
[2019-06-20 15:40:51]	selected sample IMG_3442:
[2019-06-20 15:40:51]	selected sample IMG_3481:
[2019-06-20 15:40:51]	selected sample hsdp9:
[2019-06-20 15:40:51]	selected sample IMG_2836:
[2019-06-20 15:40:51]	selected sample IMG_3120:
[2019-06-20 15:40:51]	selected sample IMG_3556:
[2019-06-20 15:40:51]	selected sample IMG_3062:
[2019-06-20 15:40:51]	selected sample IMG_2471:
[2019-06-20 15:40:51]	selected sample IMG_3010:
[2019-06-20 15:40:51]	selected sample IMG_2436:
[2019-06-20 15:40:51]	selected sample baozi10:
[2019-06-20 15:40:51]	selected sample beef8:
[2019-06-20 15:40:51]	selected sample IMG_3119:
[2019-06-20 15:40:51]	selected sample cyszx2:
[2019-06-20 15:40:51]	selected sample IMG_3488:
[2019-06-20 15:40:51]	selected sample beef2:
[2019-06-20 15:40:51]	selected sample IMG_2543:
[2019-06-20 15:40:51]	selected sample hsjt8:
[2019-06-20 15:40:51]	selected sample tcpg3:
[2019-06-20 15:40:51]	selected sample IMG_3464:
[2019-06-20 15:40:51]	selected sample tcpg5:
[2019-06-20 15:40:51]	selected sample IMG_2474:
[2019-06-20 15:40:51]	selected sample IMG_2779:
[2019-06-20 15:40:51]	selected sample IMG_2739:
[2019-06-20 15:40:51]	selected sample IMG_3029:
[2019-06-20 15:40:51]	selected sample IMG_2428:
[2019-06-20 15:40:51]	selected sample dumpling15:
[2019-06-20 15:40:51]	selected sample beef3:
[2019-06-20 15:40:51]	selected sample IMG_2481:
[2019-06-20 15:40:51]	selected sample IMG_2426:
[2019-06-20 15:40:51]	selected sample IMG_3288:
[2019-06-20 15:40:51]	selected sample hsdy9:
[2019-06-20 15:40:51]	selected sample bdcrs10:
[2019-06-20 15:40:51]	selected sample IMG_2527:
[2019-06-20 15:40:51]	selected sample qctds7:
[2019-06-20 15:40:51]	selected sample IMG_2419:
[2019-06-20 15:40:51]	selected sample mdcsg3:
[2019-06-20 15:40:51]	selected sample crht4:
[2019-06-20 15:40:51]	selected sample beef10:
[2019-06-20 15:40:51]	selected sample IMG_2536:
[2019-06-20 15:40:51]	selected sample IMG_3440:
[2019-06-20 15:40:51]	selected sample IMG_3216:
[2019-06-20 15:40:51]	selected sample IMG_3497:
[2019-06-20 15:40:51]	selected sample beefpotato10:
[2019-06-20 15:40:51]	selected sample IMG_3505:
[2019-06-20 15:40:51]	selected sample IMG_2880:
[2019-06-20 15:40:51]	selected sample hsjy6:
[2019-06-20 15:40:51]	selected sample IMG_2982:
[2019-06-20 15:40:51]	selected sample IMG_3517:
[2019-06-20 15:40:51]	selected sample bdcrs7:
[2019-06-20 15:40:51]	selected sample IMG_2881:
[2019-06-20 15:40:51]	selected sample IMG_3362:
[2019-06-20 15:40:51]	selected sample hsjy1:
[2019-06-20 15:40:51]	selected sample beefpotato9:
[2019-06-20 15:40:51]	selected sample IMG_2923:
[2019-06-20 15:40:51]	selected sample hsjy3:
[2019-06-20 15:40:51]	selected sample IMG_3341:
[2019-06-20 15:40:51]	selected sample baozi19:
[2019-06-20 15:40:51]	selected sample IMG_3356:
[2019-06-20 15:40:51]	selected sample IMG_3114:
[2019-06-20 15:40:51]	selected sample IMG_2533:
[2019-06-20 15:40:51]	selected sample IMG_3492:
[2019-06-20 15:40:51]	selected sample IMG_2427:
[2019-06-20 15:40:51]	selected sample IMG_2777:
[2019-06-20 15:40:51]	selected sample IMG_3559:
[2019-06-20 15:40:51]	selected sample qctds19:
[2019-06-20 15:40:51]	selected sample chiken5:
[2019-06-20 15:40:51]	selected sample IMG_3490:
[2019-06-20 15:40:51]	selected sample mdcsg2:
[2019-06-20 15:40:51]	selected sample IMG_3248:
[2019-06-20 15:40:51]	selected sample IMG_2884:
[2019-06-20 15:40:51]	selected sample IMG_3468:
[2019-06-20 15:40:51]	selected sample tcpg9:
[2019-06-20 15:40:51]	selected sample IMG_3282:
[2019-06-20 15:40:51]	selected sample IMG_3060:
[2019-06-20 15:40:51]	selected sample chiken4:
[2019-06-20 15:40:51]	selected sample IMG_3443:
[2019-06-20 15:40:51]	selected sample IMG_2589:
[2019-06-20 15:40:51]	selected sample IMG_3210:
[2019-06-20 15:40:51]	selected sample IMG_2461:
[2019-06-20 15:40:51]	selected sample IMG_3225:
[2019-06-20 15:40:51]	selected sample IMG_3571:
[2019-06-20 15:40:51]	selected sample IMG_3352:
[2019-06-20 15:40:51]	selected sample IMG_2478:
[2019-06-20 15:40:51]	selected sample IMG_2437:
[2019-06-20 15:40:51]	selected sample IMG_3461:
[2019-06-20 15:40:51]	selected sample hsdy6:
[2019-06-20 15:40:51]	selected sample hstddpg2:
[2019-06-20 15:40:51]	selected sample IMG_3407:
[2019-06-20 15:40:51]	selected sample sm1:
[2019-06-20 15:40:51]	selected sample IMG_3254:
[2019-06-20 15:40:51]	selected sample hsjy8:
[2019-06-20 15:40:51]	selected sample IMG_3363:
[2019-06-20 15:40:51]	selected sample IMG_2805:
[2019-06-20 15:40:51]	selected sample IMG_2922:
[2019-06-20 15:40:51]	selected sample IMG_3572:
[2019-06-20 15:40:51]	selected sample IMG_3406:
[2019-06-20 15:40:51]	selected sample hsjt1:
[2019-06-20 15:40:51]	selected sample IMG_2637:
[2019-06-20 15:40:51]	selected sample IMG_2590:
[2019-06-20 15:40:51]	selected sample baozi14:
[2019-06-20 15:40:51]	selected sample IMG_2911:
[2019-06-20 15:40:51]	selected sample dumpling14:
[2019-06-20 15:40:51]	selected sample IMG_3500:
[2019-06-20 15:40:51]	selected sample hspg10:
[2019-06-20 15:40:51]	selected sample IMG_3518:
[2019-06-20 15:40:51]	selected sample IMG_3562:
[2019-06-20 15:40:51]	selected sample IMG_2642:
[2019-06-20 15:40:51]	selected sample IMG_3469:
[2019-06-20 15:40:51]	selected sample tcpg8:
[2019-06-20 15:40:51]	selected sample cyszx3:
[2019-06-20 15:40:51]	selected sample IMG_2648:
[2019-06-20 15:40:51]	selected sample hsyk2:
[2019-06-20 15:40:51]	selected sample IMG_2470:
[2019-06-20 15:40:51]	selected sample hsdy7:
[2019-06-20 15:40:51]	selected sample IMG_2434:
[2019-06-20 15:40:51]	selected sample IMG_3507:
[2019-06-20 15:40:51]	selected sample IMG_2989:
[2019-06-20 15:40:51]	selected sample mdcrs10:
[2019-06-20 15:40:51]	selected sample hstddpg10:
[2019-06-20 15:40:51]	selected sample IMG_2782:
[2019-06-20 15:40:51]	selected sample IMG_3214:
[2019-06-20 15:40:51]	selected sample IMG_3560:
[2019-06-20 15:40:51]	selected sample IMG_2890:
[2019-06-20 15:40:51]	selected sample IMG_2538:
[2019-06-20 15:40:51]	selected sample sm7:
[2019-06-20 15:40:51]	selected sample IMG_2727:
[2019-06-20 15:40:51]	selected sample IMG_2500:
[2019-06-20 15:40:51]	selected sample IMG_3331:
[2019-06-20 15:40:51]	selected sample IMG_2540:
[2019-06-20 15:40:51]	selected sample IMG_3364:
[2019-06-20 15:40:51]	selected sample IMG_3070:
[2019-06-20 15:40:51]	selected sample dumpling7:
[2019-06-20 15:40:51]	selected sample IMG_3408:
[2019-06-20 15:40:51]	selected sample IMG_2799:
[2019-06-20 15:40:51]	selected sample IMG_3022:
[2019-06-20 15:40:51]	selected sample IMG_3480:
[2019-06-20 15:40:51]	selected sample IMG_2686:
[2019-06-20 15:40:51]	selected sample IMG_2852:
[2019-06-20 15:40:51]	selected sample IMG_2839:
[2019-06-20 15:40:51]	selected sample IMG_2737:
[2019-06-20 15:40:51]	selected sample IMG_2812:
[2019-06-20 15:40:51]	selected sample IMG_3057:
[2019-06-20 15:40:51]	selected sample IMG_2916:
[2019-06-20 15:40:51]	selected sample baozi18:
[2019-06-20 15:40:51]	selected sample IMG_2580:
[2019-06-20 15:40:51]	selected sample baozi12:
[2019-06-20 15:40:51]	selected sample sm3:
[2019-06-20 15:40:51]	selected sample IMG_2851:
[2019-06-20 15:40:51]	selected sample qctds11:
[2019-06-20 15:40:51]	selected sample IMG_3209:
[2019-06-20 15:40:51]	selected sample IMG_2723:
[2019-06-20 15:40:51]	selected sample IMG_3187:
[2019-06-20 15:40:51]	selected sample IMG_2738:
[2019-06-20 15:40:51]	selected sample tcpg1:
[2019-06-20 15:40:51]	selected sample khs5:
[2019-06-20 15:40:51]	selected sample IMG_3184:
[2019-06-20 15:40:51]	selected sample IMG_3185:
[2019-06-20 15:40:51]	selected sample IMG_2631:
[2019-06-20 15:40:51]	selected sample hstddpg1:
[2019-06-20 15:40:51]	selected sample cdj5:
[2019-06-20 15:40:51]	selected sample hsdp4:
[2019-06-20 15:40:51]	selected sample IMG_2585:
[2019-06-20 15:40:51]	selected sample IMG_2850:
[2019-06-20 15:40:51]	selected sample IMG_3056:
[2019-06-20 15:40:51]	selected sample mdcsg5:
[2019-06-20 15:40:51]	selected sample IMG_2770:
[2019-06-20 15:40:51]	selected sample khs4:
[2019-06-20 15:40:51]	selected sample IMG_2403:
[2019-06-20 15:40:51]	selected sample IMG_2876:
[2019-06-20 15:40:51]	selected sample gbrice6:
[2019-06-20 15:40:51]	selected sample IMG_2889:
[2019-06-20 15:40:51]	selected sample IMG_2986:
[2019-06-20 15:40:51]	selected sample IMG_2496:
[2019-06-20 15:40:51]	selected sample IMG_3474:
[2019-06-20 15:40:51]	selected sample IMG_3280:
[2019-06-20 15:40:51]	selected sample IMG_2848:
[2019-06-20 15:40:51]	selected sample IMG_2694:
[2019-06-20 15:40:51]	selected sample IMG_3026:
[2019-06-20 15:40:51]	selected sample IMG_2734:
[2019-06-20 15:40:51]	selected sample IMG_2977:
[2019-06-20 15:40:51]	selected sample IMG_2415:
[2019-06-20 15:40:51]	selected sample IMG_3014:
[2019-06-20 15:40:51]	selected sample hsjt4:
[2019-06-20 15:40:51]	selected sample baozi9:
[2019-06-20 15:40:51]	selected sample IMG_2400:
[2019-06-20 15:40:51]	selected sample IMG_3294:
[2019-06-20 15:40:51]	selected sample IMG_3452:
[2019-06-20 15:40:51]	selected sample bread1:
[2019-06-20 15:40:51]	selected sample IMG_3495:
[2019-06-20 15:40:51]	selected sample IMG_2800:
[2019-06-20 15:40:51]	selected sample IMG_3445:
[2019-06-20 15:40:51]	selected sample IMG_3465:
[2019-06-20 15:40:51]	selected sample IMG_3438:
[2019-06-20 15:40:51]	selected sample crht5:
[2019-06-20 15:40:51]	selected sample IMG_2466:
[2019-06-20 15:40:51]	selected sample IMG_3211:
[2019-06-20 15:40:51]	selected sample IMG_2442:
[2019-06-20 15:40:51]	selected sample IMG_3499:
[2019-06-20 15:40:51]	selected sample IMG_3130:
[2019-06-20 15:40:51]	selected sample IMG_2469:
[2019-06-20 15:40:51]	selected sample IMG_2404:
[2019-06-20 15:40:51]	selected sample currybeef1:
[2019-06-20 15:40:51]	selected sample IMG_3215:
[2019-06-20 15:40:51]	selected sample IMG_2525:
[2019-06-20 15:40:51]	selected sample IMG_3368:
[2019-06-20 15:40:51]	selected sample IMG_2439:
[2019-06-20 15:40:51]	selected sample crht3:
[2019-06-20 15:40:51]	selected sample qchx5:
[2019-06-20 15:40:51]	selected sample IMG_3513:
[2019-06-20 15:40:51]	selected sample qctds13:
[2019-06-20 15:40:51]	selected sample dumpling3:
[2019-06-20 15:40:51]	selected sample bread9:
[2019-06-20 15:40:51]	selected sample IMG_3286:
[2019-06-20 15:40:51]	selected sample qctds9:
[2019-06-20 15:40:51]	selected sample IMG_2678:
[2019-06-20 15:40:51]	selected sample dumpling11:
[2019-06-20 15:40:51]	selected sample IMG_2924:
[2019-06-20 15:40:51]	selected sample currybeef9:
[2019-06-20 15:40:51]	selected sample IMG_3462:
[2019-06-20 15:40:51]	selected sample IMG_3009:
[2019-06-20 15:40:51]	selected sample IMG_3412:
[2019-06-20 15:40:51]	selected sample bdcrs9:
[2019-06-20 15:40:51]	selected sample IMG_3189:
[2019-06-20 15:40:51]	selected sample IMG_2988:
[2019-06-20 15:40:51]	selected sample IMG_2720:
[2019-06-20 15:40:51]	selected sample khs1:
[2019-06-20 15:40:51]	selected sample IMG_3063:
[2019-06-20 15:40:51]	selected sample IMG_3127:
[2019-06-20 15:40:51]	selected sample IMG_2650:
[2019-06-20 15:40:51]	selected sample hsjt9:
[2019-06-20 15:40:51]	selected sample IMG_2424:
[2019-06-20 15:40:51]	selected sample IMG_3485:
[2019-06-20 15:40:51]	selected sample qctds20:
[2019-06-20 15:40:51]	selected sample IMG_2649:
[2019-06-20 15:40:51]	selected sample baozi13:
[2019-06-20 15:40:51]	selected sample IMG_2981:
[2019-06-20 15:40:51]	selected sample IMG_3349:
[2019-06-20 15:40:51]	selected sample IMG_3186:
[2019-06-20 15:40:51]	selected sample IMG_3361:
[2019-06-20 15:40:51]	selected sample hsjy10:
[2019-06-20 15:40:51]	selected sample IMG_2780:
[2019-06-20 15:40:51]	selected sample IMG_3333:
[2019-06-20 15:40:51]	selected sample hsdy8:
[2019-06-20 15:40:51]	selected sample IMG_3217:
[2019-06-20 15:40:51]	selected sample IMG_2399:
[2019-06-20 15:40:51]	selected sample IMG_2837:
[2019-06-20 15:40:51]	selected sample IMG_3066:
[2019-06-20 15:40:51]	selected sample baozi16:
[2019-06-20 15:40:51]	selected sample cdj1:
[2019-06-20 15:40:51]	selected sample IMG_2636:
[2019-06-20 15:40:51]	selected sample IMG_3512:
[2019-06-20 15:40:51]	selected sample sm10:
[2019-06-20 15:40:51]	selected sample IMG_3510:
[2019-06-20 15:40:51]	selected sample IMG_2913:
[2019-06-20 15:40:51]	selected sample IMG_3025:
[2019-06-20 15:40:51]	selected sample IMG_2676:
[2019-06-20 15:40:51]	selected sample IMG_3221:
[2019-06-20 15:40:51]	selected sample dtj5:
[2019-06-20 15:40:51]	selected sample IMG_2537:
[2019-06-20 15:40:51]	selected sample dtj4:
[2019-06-20 15:40:51]	selected sample IMG_2731:
[2019-06-20 15:40:51]	selected sample IMG_3018:
[2019-06-20 15:40:51]	selected sample IMG_2473:
[2019-06-20 15:40:51]	selected sample IMG_3192:
[2019-06-20 15:40:51]	selected sample IMG_3064:
[2019-06-20 15:40:51]	selected sample IMG_2775:
[2019-06-20 15:40:51]	selected sample IMG_3509:
[2019-06-20 15:40:51]	selected sample hsdp6:
[2019-06-20 15:40:51]	selected sample IMG_3558:
[2019-06-20 15:40:51]	selected sample IMG_2781:
[2019-06-20 15:40:51]	selected sample IMG_2420:
[2019-06-20 15:40:51]	selected sample IMG_3123:
[2019-06-20 15:40:51]	selected sample IMG_3561:
[2019-06-20 15:40:51]	selected sample noodle5:
[2019-06-20 15:40:51]	selected sample IMG_3504:
[2019-06-20 15:40:51]	selected sample IMG_3290:
[2019-06-20 15:40:51]	selected sample IMG_3207:
[2019-06-20 15:40:51]	selected sample qchx1:
[2019-06-20 15:40:51]	selected sample IMG_2429:
[2019-06-20 15:40:51]	selected sample chiken7:
[2019-06-20 15:40:51]	selected sample IMG_2784:
[2019-06-20 15:40:51]	selected sample gbrice3:
[2019-06-20 15:40:51]	selected sample khs6:
[2019-06-20 15:40:51]	selected sample bzhx2:
[2019-06-20 15:40:51]	selected sample IMG_3493:
[2019-06-20 15:40:51]	selected sample IMG_2774:
[2019-06-20 15:40:51]	selected sample gbrice8:
[2019-06-20 15:40:51]	selected sample IMG_2724:
[2019-06-20 15:40:51]	selected sample IMG_2421:
[2019-06-20 15:40:51]	selected sample IMG_2463:
[2019-06-20 15:40:51]	selected sample gbrice9:
[2019-06-20 15:40:51]	selected sample IMG_2807:
[2019-06-20 15:40:51]	selected sample IMG_2401:
[2019-06-20 15:40:51]	selected sample IMG_3520:
[2019-06-20 15:40:51]	selected sample IMG_3125:
[2019-06-20 15:40:51]	selected sample dumpling5:
[2019-06-20 15:40:51]	selected sample dumpling18:
[2019-06-20 15:40:51]	selected sample IMG_2732:
[2019-06-20 15:40:51]	selected sample IMG_2810:
[2019-06-20 15:40:51]	selected sample IMG_2440:
[2019-06-20 15:40:51]	selected sample IMG_3340:
[2019-06-20 15:40:51]	selected sample hsdp3:
[2019-06-20 15:40:51]	selected sample cdj6:
[2019-06-20 15:40:51]	selected sample IMG_3260:
[2019-06-20 15:40:51]	selected sample IMG_2647:
[2019-06-20 15:40:51]	selected sample baozi1:
[2019-06-20 15:40:51]	selected sample IMG_2418:
[2019-06-20 15:40:51]	selected sample khs7:
[2019-06-20 15:40:51]	selected sample khs8:
[2019-06-20 15:40:51]	selected sample bzhx10:
[2019-06-20 15:40:51]	selected sample IMG_3178:
[2019-06-20 15:40:51]	selected sample IMG_2587:
[2019-06-20 15:40:51]	selected sample IMG_3397:
[2019-06-20 15:40:51]	selected sample IMG_2586:
[2019-06-20 15:40:51]	selected sample qctds18:
[2019-06-20 15:40:51]	selected sample IMG_2878:
[2019-06-20 15:40:51]	selected sample IMG_3205:
[2019-06-20 15:40:51]	selected sample IMG_3332:
[2019-06-20 15:40:51]	selected sample hsdy2:
[2019-06-20 15:40:51]	selected sample hsdy3:
[2019-06-20 15:40:51]	selected sample hsyk8:
[2019-06-20 15:40:51]	selected sample sm6:
[2019-06-20 15:40:51]	selected sample IMG_3177:
[2019-06-20 15:40:51]	selected sample IMG_2433:
[2019-06-20 15:40:51]	selected sample IMG_2397:
[2019-06-20 15:40:51]	selected sample bzhx4:
[2019-06-20 15:40:51]	selected sample baozi20:
[2019-06-20 15:40:51]	selected sample IMG_3011:
[2019-06-20 15:40:51]	selected sample dumpling12:
[2019-06-20 15:40:51]	selected sample hsjt7:
[2019-06-20 15:40:51]	selected sample IMG_2771:
[2019-06-20 15:40:51]	selected sample IMG_3019:
[2019-06-20 15:40:51]	selected sample IMG_3180:
[2019-06-20 15:40:51]	selected sample IMG_2405:
[2019-06-20 15:40:51]	selected sample IMG_2645:
[2019-06-20 15:40:51]	selected sample IMG_3067:
[2019-06-20 15:40:51]	selected sample IMG_3206:
[2019-06-20 15:40:51]	selected sample IMG_3416:
[2019-06-20 15:40:51]	selected sample cyszx5:
[2019-06-20 15:40:51]	selected sample qctds8:
[2019-06-20 15:40:51]	selected sample IMG_2888:
[2019-06-20 15:40:51]	selected sample IMG_3013:
[2019-06-20 15:40:51]	selected sample IMG_3472:
[2019-06-20 15:40:51]	selected sample IMG_2407:
[2019-06-20 15:40:51]	selected sample IMG_3563:
[2019-06-20 15:40:51]	selected sample IMG_3484:
[2019-06-20 15:40:51]	selected sample IMG_3367:
[2019-06-20 15:40:51]	selected sample IMG_3344:
[2019-06-20 15:40:51]	selected sample IMG_3354:
[2019-06-20 15:40:51]	selected sample IMG_2542:
[2019-06-20 15:40:51]	selected sample mdcsg10:
[2019-06-20 15:40:51]	selected sample IMG_2588:
[2019-06-20 15:40:51]	selected sample IMG_3345:
[2019-06-20 15:40:51]	selected sample IMG_2692:
[2019-06-20 15:40:51]	selected sample IMG_2416:
[2019-06-20 15:40:51]	selected sample IMG_2917:
[2019-06-20 15:40:52]	selected sample IMG_2838:
[2019-06-20 15:40:52]	selected sample IMG_3483:
[2019-06-20 15:40:52]	selected sample IMG_3017:
[2019-06-20 15:40:52]	selected sample hsdp8:
[2019-06-20 15:40:52]	selected sample hspg5:
[2019-06-20 15:40:52]	selected sample qctds1:
[2019-06-20 15:40:52]	selected sample IMG_3116:
[2019-06-20 15:40:52]	selected sample IMG_3519:
[2019-06-20 15:40:52]	selected sample IMG_3112:
[2019-06-20 15:40:52]	selected sample IMG_2462:
[2019-06-20 15:40:52]	selected sample IMG_3191:
[2019-06-20 15:40:52]	selected sample IMG_3409:
[2019-06-20 15:40:52]	selected sample dumpling19:
[2019-06-20 15:40:52]	selected sample IMG_2679:
[2019-06-20 15:40:52]	selected sample hspg8:
[2019-06-20 15:40:52]	selected sample mdcrs9:
[2019-06-20 15:40:52]	selected sample IMG_2875:
[2019-06-20 15:40:52]	selected sample IMG_2853:
[2019-06-20 15:40:52]	selected sample IMG_3478:
[2019-06-20 15:40:52]	selected sample sm9:
[2019-06-20 15:40:52]	selected sample IMG_2494:
[2019-06-20 15:40:52]	selected sample IMG_3111:
[2019-06-20 15:40:52]	selected sample hsjt5:
[2019-06-20 15:40:52]	selected sample IMG_3020:
[2019-06-20 15:40:52]	selected sample IMG_3281:
[2019-06-20 15:40:52]	selected sample IMG_2735:
[2019-06-20 15:40:52]	selected sample IMG_2499:
[2019-06-20 15:40:52]	selected sample IMG_3016:
[2019-06-20 15:40:52]	selected sample IMG_3415:
[2019-06-20 15:40:52]	selected sample qctds6:
[2019-06-20 15:40:52]	selected sample dumpling4:
[2019-06-20 15:40:52]	selected sample IMG_3222:
[2019-06-20 15:40:52]	selected sample IMG_3176:
[2019-06-20 15:40:52]	selected sample baozi15:
[2019-06-20 15:40:52]	selected sample noodle6:
[2019-06-20 15:40:52]	selected sample IMG_3514:
[2019-06-20 15:40:52]	selected sample IMG_2584:
[2019-06-20 15:40:52]	selected sample IMG_3351:
[2019-06-20 15:40:52]	selected sample bzhx3:
[2019-06-20 15:40:52]	selected sample crht7:
[2019-06-20 15:40:52]	selected sample IMG_2545:
[2019-06-20 15:40:52]	selected sample gbrice7:
[2019-06-20 15:40:52]	selected sample khs9:
[2019-06-20 15:40:52]	selected sample hsjy4:
[2019-06-20 15:40:52]	selected sample IMG_3567:
[2019-06-20 15:40:52]	selected sample IMG_3357:
[2019-06-20 15:40:52]	selected sample IMG_3508:
[2019-06-20 15:40:52]	selected sample IMG_3402:
[2019-06-20 15:40:52]	selected sample IMG_2477:
[2019-06-20 15:40:52]	selected sample IMG_3110:
[2019-06-20 15:40:52]	selected sample beefpotato4:
[2019-06-20 15:40:52]	selected sample mdcrs7:
[2019-06-20 15:40:52]	selected sample IMG_3015:
[2019-06-20 15:40:52]	selected sample cyszx4:
[2019-06-20 15:40:52]	selected sample IMG_2682:
[2019-06-20 15:40:52]	selected sample IMG_3433:
[2019-06-20 15:40:52]	selected sample IMG_3256:
[2019-06-20 15:40:52]	selected sample IMG_3470:
[2019-06-20 15:40:52]	selected sample qctds17:
[2019-06-20 15:40:52]	selected sample hsyk4:
[2019-06-20 15:40:52]	selected sample dtj2:
[2019-06-20 15:40:52]	selected sample beef4:
[2019-06-20 15:40:52]	selected sample hstddpg8:
[2019-06-20 15:40:52]	selected sample hspg3:
[2019-06-20 15:40:52]	selected sample IMG_3179:
[2019-06-20 15:40:52]	selected sample IMG_3401:
[2019-06-20 15:40:52]	selected sample IMG_3061:
[2019-06-20 15:40:52]	selected sample IMG_2430:
[2019-06-20 15:40:52]	selected sample IMG_2816:
[2019-06-20 15:40:52]	selected sample IMG_2722:
[2019-06-20 15:40:52]	selected sample qctds5:
[2019-06-20 15:40:52]	selected sample IMG_3444:
[2019-06-20 15:40:52]	selected sample IMG_3566:
[2019-06-20 15:40:52]	selected sample IMG_2983:
[2019-06-20 15:40:52]	selected sample IMG_2990:
[2019-06-20 15:40:52]	selected sample cdj3:
[2019-06-20 15:40:52]	selected sample qchx9:
[2019-06-20 15:40:52]	selected sample IMG_3498:
[2019-06-20 15:40:52]	selected sample IMG_3405:
[2019-06-20 15:40:52]	selected sample IMG_3283:
[2019-06-20 15:40:52]	selected sample IMG_2475:
[2019-06-20 15:40:52]	selected sample IMG_2498:
[2019-06-20 15:40:52]	selected sample IMG_2539:
[2019-06-20 15:40:52]	selected sample IMG_2690:
[2019-06-20 15:40:52]	selected sample IMG_2414:
[2019-06-20 15:40:52]	selected sample IMG_2502:
[2019-06-20 15:40:52]	selected sample IMG_3246:
[2019-06-20 15:40:52]	selected sample baozi11:
[2019-06-20 15:40:52]	selected sample IMG_2634:
[2019-06-20 15:40:52]	selected sample IMG_3328:
[2019-06-20 15:40:52]	selected sample IMG_2856:
[2019-06-20 15:40:52]	selected sample dumpling20:
[2019-06-20 15:40:52]	selected sample IMG_2733:
[2019-06-20 15:40:52]	selected sample IMG_2579:
[2019-06-20 15:40:52]	selected sample IMG_3212:
[2019-06-20 15:40:52]	selected sample IMG_3339:
[2019-06-20 15:40:52]	selected sample qctds2:
[2019-06-20 15:40:52]	selected sample beef5:
[2019-06-20 15:40:52]	selected sample IMG_3287:
[2019-06-20 15:40:52]	selected sample IMG_3255:
[2019-06-20 15:40:52]	selected sample IMG_3564:
[2019-06-20 15:40:52]	selected sample IMG_2431:
[2019-06-20 15:40:52]	selected sample IMG_3330:
[2019-06-20 15:40:52]	selected sample noodle9:
[2019-06-20 15:40:52]	selected sample IMG_2768:
[2019-06-20 15:40:52]	selected sample IMG_2804:
[2019-06-20 15:40:52]	selected sample IMG_3523:
[2019-06-20 15:40:52]	selected sample IMG_3285:
[2019-06-20 15:40:52]	selected sample IMG_3432:
[2019-06-20 15:40:52]	selected sample IMG_3486:
[2019-06-20 15:40:52]	selected sample IMG_3460:
[2019-06-20 15:40:52]	selected sample IMG_3451:
[2019-06-20 15:40:52]	selected sample IMG_3172:
[2019-06-20 15:40:52]	selected sample IMG_3366:
[2019-06-20 15:40:52]	selected sample IMG_2987:
[2019-06-20 15:40:52]	selected sample IMG_2971:
[2019-06-20 15:40:52]	selected sample IMG_3449:
[2019-06-20 15:40:52]	selected sample IMG_2691:
[2019-06-20 15:40:52]	selected sample IMG_3476:
[2019-06-20 15:40:52]	selected sample IMG_2467:
[2019-06-20 15:40:52]	selected sample IMG_3467:
[2019-06-20 15:40:52]	selected sample gbrice10:
[2019-06-20 15:40:52]	selected sample mdcrs1:
[2019-06-20 15:40:52]	selected sample bread6:
[2019-06-20 15:40:52]	selected sample crht1:
[2019-06-20 15:40:52]	selected sample IMG_3326:
[2019-06-20 15:40:52]	selected sample IMG_2406:
[2019-06-20 15:40:52]	selected sample IMG_3446:
[2019-06-20 15:40:52]	selected sample IMG_3569:
[2019-06-20 15:40:52]	selected sample IMG_2630:
[2019-06-20 15:40:52]	selected sample IMG_2534:
[2019-06-20 15:40:52]	selected sample hsjt6:
[2019-06-20 15:40:52]	selected sample IMG_2813:
[2019-06-20 15:40:52]	selected sample IMG_3329:
[2019-06-20 15:40:52]	selected sample IMG_3293:
[2019-06-20 15:40:52]	selected sample chiken9:
[2019-06-20 15:40:52]	selected sample IMG_2849:
[2019-06-20 15:40:52]	selected sample IMG_2438:
[2019-06-20 15:40:52]	selected sample IMG_2929:
[2019-06-20 15:40:52]	selected sample hsjy2:
[2019-06-20 15:40:52]	selected sample IMG_2891:
[2019-06-20 15:40:52]	selected sample hstddpg9:
[2019-06-20 15:40:52]	selected sample IMG_2930:
[2019-06-20 15:40:52]	selected sample dumpling2:
[2019-06-20 15:40:52]	selected sample mdcsg7:
[2019-06-20 15:40:52]	selected sample IMG_2422:
[2019-06-20 15:40:52]	selected sample dumpling1:
[2019-06-20 15:40:52]	selected sample IMG_2873:
[2019-06-20 15:40:52]	selected sample dtj1:
[2019-06-20 15:40:52]	selected sample IMG_3213:
[2019-06-20 15:40:52]	selected sample dumpling16:
[2019-06-20 15:40:52]	selected sample hsjy5:
[2019-06-20 15:40:52]	selected sample currybeef5:
[2019-06-20 15:40:52]	selected sample IMG_3358:
[2019-06-20 15:40:52]	selected sample currybeef6:
[2019-06-20 15:40:52]	selected sample gbrice1:
[2019-06-20 15:40:52]	selected sample IMG_2918:
[2019-06-20 15:40:52]	selected sample tcpg4:
[2019-06-20 15:40:52]	selected sample mdcsg4:
[2019-06-20 15:40:52]	selected sample bread7:
[2019-06-20 15:40:52]	selected sample IMG_3555:
[2019-06-20 15:40:52]	selected sample IMG_3251:
[2019-06-20 15:40:52]	selected sample IMG_2444:
[2019-06-20 15:40:52]	selected sample IMG_3124:
[2019-06-20 15:40:52]	selected sample IMG_3334:
[2019-06-20 15:40:52]	selected sample bread8:
[2019-06-20 15:40:52]	selected sample IMG_2764:
[2019-06-20 15:40:52]	selected sample IMG_2887:
[2019-06-20 15:40:52]	selected sample dumpling9:
[2019-06-20 15:40:52]	selected sample IMG_3482:
[2019-06-20 15:40:52]	selected sample qctds12:
[2019-06-20 15:40:52]	selected sample tcpg6:
[2019-06-20 15:40:52]	selected sample IMG_3450:
[2019-06-20 15:40:52]	selected sample IMG_2925:
[2019-06-20 15:40:52]	selected sample IMG_2806:
[2019-06-20 15:40:52]	selected sample IMG_3175:
[2019-06-20 15:40:52]	selected sample baozi3:
[2019-06-20 15:40:52]	selected sample qctds15:
[2019-06-20 15:40:52]	selected sample IMG_2815:
[2019-06-20 15:40:52]	selected sample IMG_3337:
[2019-06-20 15:40:52]	selected sample crht10:
[2019-06-20 15:40:52]	selected sample cyszx9:
[2019-06-20 15:40:52]	selected sample baozi4:
[2019-06-20 15:40:52]	selected sample IMG_3473:
[2019-06-20 15:40:52]	selected sample IMG_3252:
[2019-06-20 15:40:52]	selected sample bread3:
[2019-06-20 15:40:52]	selected sample IMG_3265:
[2019-06-20 15:40:52]	selected sample IMG_2877:
[2019-06-20 15:40:52]	selected sample IMG_3072:
[2019-06-20 15:40:52]	selected sample cyszx1:
[2019-06-20 15:40:52]	selected sample IMG_2581:
[2019-06-20 15:40:52]	selected sample tcpg7:
[2019-06-20 15:40:52]	selected sample beef9:
[2019-06-20 15:40:52]	selected sample IMG_3410:
[2019-06-20 15:40:52]	selected sample IMG_3350:
[2019-06-20 15:40:52]	selected sample hsdp10:
[2019-06-20 15:40:52]	selected sample IMG_2408:
[2019-06-20 15:40:52]	selected sample IMG_2730:
[2019-06-20 15:40:52]	selected sample IMG_2476:
[2019-06-20 15:40:52]	selected sample mdcrs8:
[2019-06-20 15:40:52]	selected sample hsjy9:
[2019-06-20 15:40:52]	selected sample hsdp5:
[2019-06-20 15:40:52]	selected sample IMG_3553:
[2019-06-20 15:40:52]	selected sample IMG_2814:
[2019-06-20 15:40:52]	selected sample IMG_2776:
[2019-06-20 15:40:52]	selected sample IMG_3296:
[2019-06-20 15:40:52]	selected sample IMG_3208:
[2019-06-20 15:40:52]	selected sample IMG_3417:
[2019-06-20 15:40:52]	selected sample IMG_2402:
[2019-06-20 15:40:52]	selected sample hsjy7:
[2019-06-20 15:40:52]	selected sample dumpling10:
[2019-06-20 15:40:52]	selected sample IMG_3118:
[2019-06-20 15:40:52]	selected sample IMG_3404:
[2019-06-20 15:40:52]	selected sample IMG_2766:
[2019-06-20 15:40:52]	selected sample IMG_2882:
[2019-06-20 15:40:52]	selected sample IMG_3121:
[2019-06-20 15:40:52]	selected sample IMG_2721:
[2019-06-20 15:40:52]	selected sample khs3:
[2019-06-20 15:40:52]	selected sample IMG_3506:
[2019-06-20 15:40:52]	selected sample IMG_2687:
[2019-06-20 15:40:52]	selected sample beefpotato8:
[2019-06-20 15:40:52]	selected sample qctds4:
[2019-06-20 15:40:52]	selected sample IMG_3249:
[2019-06-20 15:40:52]	selected sample beefpotato2:
[2019-06-20 15:40:52]	selected sample IMG_2432:
[2019-06-20 15:40:52]	selected sample bread2:
[2019-06-20 15:40:52]	selected sample IMG_3024:
[2019-06-20 15:40:52]	selected sample IMG_3403:
[2019-06-20 15:40:52]	selected sample crht6:
[2019-06-20 15:40:52]	selected sample IMG_2641:
[2019-06-20 15:40:52]	selected sample IMG_2693:
[2019-06-20 15:40:52]	selected sample IMG_3059:
[2019-06-20 15:40:52]	selected sample crht2:
[2019-06-20 15:40:52]	selected sample IMG_2921:
[2019-06-20 15:40:52]	selected sample IMG_2472:
[2019-06-20 15:40:52]	selected sample cyszx8:
[2019-06-20 15:40:52]	selected sample IMG_2681:
[2019-06-20 15:40:52]	selected sample IMG_3245:
[2019-06-20 15:40:52]	selected sample IMG_2644:
[2019-06-20 15:40:52]	selected sample IMG_2841:
[2019-06-20 15:40:52]	selected sample IMG_2844:
[2019-06-20 15:40:52]	selected sample qchx7:
[2019-06-20 15:40:52]	selected sample IMG_3128:
[2019-06-20 15:40:52]	selected sample IMG_2976:
[2019-06-20 15:40:52]	selected sample IMG_3399:
[2019-06-20 15:40:52]	selected sample qctds16:
[2019-06-20 15:40:52]	selected sample mdcrs5:
[2019-06-20 15:40:52]	selected sample qchx3:
[2019-06-20 15:40:52]	selected sample hsjt2:
[2019-06-20 15:40:52]	selected sample IMG_2583:
[2019-06-20 15:40:52]	selected sample IMG_2773:
[2019-06-20 15:40:52]	selected sample hspg1:
[2019-06-20 15:40:52]	selected sample IMG_2582:
[2019-06-20 15:40:52]	selected sample baozi8:
[2019-06-20 15:40:52]	selected sample IMG_3284:
[2019-06-20 15:40:52]	selected sample IMG_3511:
[2019-06-20 15:40:52]	selected sample hspg9:
[2019-06-20 15:40:52]	selected sample crht9:
[2019-06-20 15:40:52]	selected sample IMG_3414:
